[05-May-2025 20:07:32 UTC] PHP Notice:  session_start(): Ignoring session_start() because a session is already active (started from C:\apache\htdocs\Perfumeria\Admin\vistas\dashboard.php on line 43) in C:\apache\htdocs\Perfumeria\includes\templates\header.php on line 2
[05-May-2025 20:07:50 UTC] PHP Notice:  session_start(): Ignoring session_start() because a session is already active (started from C:\apache\htdocs\Perfumeria\Admin\vistas\dashboard.php on line 43) in C:\apache\htdocs\Perfumeria\includes\templates\header.php on line 2
 [05-May-2025 20:08:30 UTC] PHP Notice:  session_start(): Ignoring session_start() because a session is already active (started from C:\apache\htdocs\Perfumeria\Admin\vistas\dashboard.php on line 43) in C:\apache\htdocs\Perfumeria\includes\templates\header.php on line 2
[05-May-2025 20:08:30 UTC] PHP Notice:  session_start(): Ignoring session_start() because a session is already active (started from C:\apache\htdocs\Perfumeria\Admin\vistas\dashboard.php on line 43) in C:\apache\htdocs\Perfumeria\includes\templates\header.php on line 2
[05-May-2025 20:08:33 UTC] PHP Notice:  session_start(): Ignoring session_start() because a session is already active (started from C:\apache\htdocs\Perfumeria\Admin\vistas\dashboard.php on line 43) in C:\apache\htdocs\Perfumeria\includes\templates\header.php on line 2
[05-May-2025 20:08:43 UTC] PHP Notice:  session_start(): Ignoring session_start() because a session is already active (started from C:\apache\htdocs\Perfumeria\Admin\vistas\dashboard.php on line 43) in C:\apache\htdocs\Perfumeria\includes\templates\header.php on line 2
[05-May-2025 20:08:45 UTC] PHP Notice:  session_start(): Ignoring session_start() because a session is already active (started from C:\apache\htdocs\Perfumeria\Admin\vistas\dashboard.php on line 43) in C:\apache\htdocs\Perfumeria\includes\templates\header.php on line 2
[05-May-2025 20:09:08 UTC] PHP Notice:  session_start(): Ignoring session_start() because a session is already active (started from C:\apache\htdocs\Perfumeria\Admin\vistas\dashboard.php on line 43) in C:\apache\htdocs\Perfumeria\includes\templates\header.php on line 2
[05-May-2025 20:10:21 UTC] PHP Notice:  session_start(): Ignoring session_start() because a session is already active (started from C:\apache\htdocs\Perfumeria\Admin\vistas\dashboard.php on line 43) in C:\apache\htdocs\Perfumeria\includes\templates\header.php on line 2
[05-May-2025 20:10:24 UTC] PHP Notice:  session_start(): Ignoring session_start() because a session is already active (started from C:\apache\htdocs\Perfumeria\Admin\vistas\dashboard.php on line 43) in C:\apache\htdocs\Perfumeria\includes\templates\header.php on line 2
[05-May-2025 20:10:35 UTC] PHP Notice:  session_start(): Ignoring session_start() because a session is already active (started from C:\apache\htdocs\Perfumeria\Admin\vistas\dashboard.php on line 43) in C:\apache\htdocs\Perfumeria\includes\templates\header.php on line 2
[05-May-2025 20:10:41 UTC] PHP Notice:  session_start(): Ignoring session_start() because a session is already active (started from C:\apache\htdocs\Perfumeria\Admin\vistas\dashboard.php on line 43) in C:\apache\htdocs\Perfumeria\includes\templates\header.php on line 2
[05-May-2025 20:11:11 UTC] PHP Notice:  session_start(): Ignoring session_start() because a session is already active (started from C:\apache\htdocs\Perfumeria\Admin\vistas\dashboard.php on line 43) in C:\apache\htdocs\Perfumeria\includes\templates\header.php on line 2
[05-May-2025 20:11:25 UTC] PHP Notice:  session_start(): Ignoring session_start() because a session is already active (started from C:\apache\htdocs\Perfumeria\Admin\vistas\dashboard.php on line 43) in C:\apache\htdocs\Perfumeria\includes\templates\header.php on line 2
[05-May-2025 20:11:26 UTC] PHP Notice:  session_start(): Ignoring session_start() because a session is already active (started from C:\apache\htdocs\Perfumeria\Admin\vistas\dashboard.php on line 43) in C:\apache\htdocs\Perfumeria\includes\templates\header.php on line 2
[05-May-2025 20:12:13 UTC] PHP Notice:  session_start(): Ignoring session_start() because a session is already active (started from C:\apache\htdocs\Perfumeria\Admin\vistas\dashboard.php on line 43) in C:\apache\htdocs\Perfumeria\includes\templates\header.php on line 2
[05-May-2025 20:12:33 UTC] PHP Notice:  session_start(): Ignoring session_start() because a session is already active (started from C:\apache\htdocs\Perfumeria\Admin\vistas\dashboard.php on line 43) in C:\apache\htdocs\Perfumeria\includes\templates\header.php on line 2
[05-May-2025 20:12:38 UTC] PHP Notice:  session_start(): Ignoring session_start() because a session is already active (started from C:\apache\htdocs\Perfumeria\Admin\vistas\dashboard.php on line 43) in C:\apache\htdocs\Perfumeria\includes\templates\header.php on line 2
[05-May-2025 20:13:34 UTC] PHP Notice:  session_start(): Ignoring session_start() because a session is already active (started from C:\apache\htdocs\Perfumeria\Admin\vistas\dashboard.php on line 43) in C:\apache\htdocs\Perfumeria\includes\templates\header.php on line 2
[05-May-2025 20:13:36 UTC] PHP Notice:  session_start(): Ignoring session_start() because a session is already active (started from C:\apache\htdocs\Perfumeria\Admin\vistas\dashboard.php on line 43) in C:\apache\htdocs\Perfumeria\includes\templates\header.php on line 2
[05-May-2025 20:16:30 UTC] PHP Notice:  session_start(): Ignoring session_start() because a session is already active (started from C:\apache\htdocs\Perfumeria\Admin\vistas\dashboard.php on line 43) in C:\apache\htdocs\Perfumeria\includes\templates\header.php on line 2
[05-May-2025 20:16:30 UTC] PHP Notice:  session_start(): Ignoring session_start() because a session is already active (started from C:\apache\htdocs\Perfumeria\Admin\vistas\dashboard.php on line 43) in C:\apache\htdocs\Perfumeria\includes\templates\header.php on line 2
[05-May-2025 20:16:30 UTC] PHP Notice:  session_start(): Ignoring session_start() because a session is already active (started from C:\apache\htdocs\Perfumeria\Admin\vistas\dashboard.php on line 43) in C:\apache\htdocs\Perfumeria\includes\templates\header.php on line 2
[05-May-2025 20:16:49 UTC] PHP Notice:  session_start(): Ignoring session_start() because a session is already active (started from C:\apache\htdocs\Perfumeria\Admin\vistas\dashboard.php on line 43) in C:\apache\htdocs\Perfumeria\includes\templates\header.php on line 2
[05-May-2025 20:17:06 UTC] PHP Notice:  session_start(): Ignoring session_start() because a session is already active (started from C:\apache\htdocs\Perfumeria\Admin\vistas\dashboard.php on line 43) in C:\apache\htdocs\Perfumeria\includes\templates\header.php on line 2
[05-May-2025 20:17:11 UTC] PHP Notice:  session_start(): Ignoring session_start() because a session is already active (started from C:\apache\htdocs\Perfumeria\Admin\vistas\dashboard.php on line 43) in C:\apache\htdocs\Perfumeria\includes\templates\header.php on line 2
[05-May-2025 20:17:20 UTC] PHP Notice:  session_start(): Ignoring session_start() because a session is already active (started from C:\apache\htdocs\Perfumeria\Admin\vistas\dashboard.php on line 43) in C:\apache\htdocs\Perfumeria\includes\templates\header.php on line 2
[05-May-2025 20:17:20 UTC] PHP Notice:  session_start(): Ignoring session_start() because a session is already active (started from C:\apache\htdocs\Perfumeria\Admin\vistas\dashboard.php on line 43) in C:\apache\htdocs\Perfumeria\includes\templates\header.php on line 2
[05-May-2025 20:17:20 UTC] PHP Notice:  session_start(): Ignoring session_start() because a session is already active (started from C:\apache\htdocs\Perfumeria\Admin\vistas\dashboard.php on line 43) in C:\apache\htdocs\Perfumeria\includes\templates\header.php on line 2
[05-May-2025 20:17:21 UTC] PHP Notice:  session_start(): Ignoring session_start() because a session is already active (started from C:\apache\htdocs\Perfumeria\Admin\vistas\dashboard.php on line 43) in C:\apache\htdocs\Perfumeria\includes\templates\header.php on line 2
[05-May-2025 20:17:21 UTC] PHP Notice:  session_start(): Ignoring session_start() because a session is already active (started from C:\apache\htdocs\Perfumeria\Admin\vistas\dashboard.php on line 43) in C:\apache\htdocs\Perfumeria\includes\templates\header.php on line 2
[05-May-2025 20:17:21 UTC] PHP Notice:  session_start(): Ignoring session_start() because a session is already active (started from C:\apache\htdocs\Perfumeria\Admin\vistas\dashboard.php on line 43) in C:\apache\htdocs\Perfumeria\includes\templates\header.php on line 2
[05-May-2025 20:17:25 UTC] PHP Notice:  session_start(): Ignoring session_start() because a session is already active (started from C:\apache\htdocs\Perfumeria\Admin\vistas\dashboard.php on line 43) in C:\apache\htdocs\Perfumeria\includes\templates\header.php on line 2
[05-May-2025 20:17:25 UTC] PHP Notice:  session_start(): Ignoring session_start() because a session is already active (started from C:\apache\htdocs\Perfumeria\Admin\vistas\dashboard.php on line 43) in C:\apache\htdocs\Perfumeria\includes\templates\header.php on line 2
[05-May-2025 20:17:26 UTC] PHP Notice:  session_start(): Ignoring session_start() because a session is already active (started from C:\apache\htdocs\Perfumeria\Admin\vistas\dashboard.php on line 43) in C:\apache\htdocs\Perfumeria\includes\templates\header.php on line 2
[05-May-2025 20:17:26 UTC] PHP Notice:  session_start(): Ignoring session_start() because a session is already active (started from C:\apache\htdocs\Perfumeria\Admin\vistas\dashboard.php on line 43) in C:\apache\htdocs\Perfumeria\includes\templates\header.php on line 2
[05-May-2025 20:17:26 UTC] PHP Notice:  session_start(): Ignoring session_start() because a session is already active (started from C:\apache\htdocs\Perfumeria\Admin\vistas\dashboard.php on line 43) in C:\apache\htdocs\Perfumeria\includes\templates\header.php on line 2
[05-May-2025 20:17:33 UTC] PHP Notice:  session_start(): Ignoring session_start() because a session is already active (started from C:\apache\htdocs\Perfumeria\Admin\vistas\dashboard.php on line 43) in C:\apache\htdocs\Perfumeria\includes\templates\header.php on line 2
[05-May-2025 20:17:37 UTC] PHP Notice:  session_start(): Ignoring session_start() because a session is already active (started from C:\apache\htdocs\Perfumeria\Admin\vistas\dashboard.php on line 43) in C:\apache\htdocs\Perfumeria\includes\templates\header.php on line 2
[05-May-2025 20:17:40 UTC] PHP Notice:  session_start(): Ignoring session_start() because a session is already active (started from C:\apache\htdocs\Perfumeria\Admin\vistas\dashboard.php on line 43) in C:\apache\htdocs\Perfumeria\includes\templates\header.php on line 2
[05-May-2025 20:21:34 UTC] PHP Notice:  session_start(): Ignoring session_start() because a session is already active (started from C:\apache\htdocs\Perfumeria\Admin\vistas\dashboard.php on line 43) in C:\apache\htdocs\Perfumeria\includes\templates\header.php on line 2
[05-May-2025 20:21:35 UTC] PHP Notice:  session_start(): Ignoring session_start() because a session is already active (started from C:\apache\htdocs\Perfumeria\Admin\vistas\dashboard.php on line 43) in C:\apache\htdocs\Perfumeria\includes\templates\header.php on line 2
[05-May-2025 20:21:39 UTC] PHP Notice:  session_start(): Ignoring session_start() because a session is already active (started from C:\apache\htdocs\Perfumeria\Admin\vistas\dashboard.php on line 43) in C:\apache\htdocs\Perfumeria\includes\templates\header.php on line 2
[05-May-2025 20:21:39 UTC] PHP Notice:  session_start(): Ignoring session_start() because a session is already active (started from C:\apache\htdocs\Perfumeria\Admin\vistas\dashboard.php on line 43) in C:\apache\htdocs\Perfumeria\includes\templates\header.php on line 2
[05-May-2025 20:21:40 UTC] PHP Notice:  session_start(): Ignoring session_start() because a session is already active (started from C:\apache\htdocs\Perfumeria\Admin\vistas\dashboard.php on line 43) in C:\apache\htdocs\Perfumeria\includes\templates\header.php on line 2
[05-May-2025 20:21:40 UTC] PHP Notice:  session_start(): Ignoring session_start() because a session is already active (started from C:\apache\htdocs\Perfumeria\Admin\vistas\dashboard.php on line 43) in C:\apache\htdocs\Perfumeria\includes\templates\header.php on line 2
[05-May-2025 20:21:40 UTC] PHP Notice:  session_start(): Ignoring session_start() because a session is already active (started from C:\apache\htdocs\Perfumeria\Admin\vistas\dashboard.php on line 43) in C:\apache\htdocs\Perfumeria\includes\templates\header.php on line 2
[05-May-2025 20:21:42 UTC] PHP Notice:  session_start(): Ignoring session_start() because a session is already active (started from C:\apache\htdocs\Perfumeria\Admin\vistas\dashboard.php on line 43) in C:\apache\htdocs\Perfumeria\includes\templates\header.php on line 2
[05-May-2025 20:22:13 UTC] PHP Notice:  session_start(): Ignoring session_start() because a session is already active (started from C:\apache\htdocs\Perfumeria\Admin\vistas\dashboard.php on line 43) in C:\apache\htdocs\Perfumeria\includes\templates\header.php on line 2
[05-May-2025 20:22:18 UTC] PHP Notice:  session_start(): Ignoring session_start() because a session is already active (started from C:\apache\htdocs\Perfumeria\Admin\vistas\dashboard.php on line 43) in C:\apache\htdocs\Perfumeria\includes\templates\header.php on line 2
[05-May-2025 20:22:26 UTC] PHP Notice:  session_start(): Ignoring session_start() because a session is already active (started from C:\apache\htdocs\Perfumeria\Admin\vistas\dashboard.php on line 43) in C:\apache\htdocs\Perfumeria\includes\templates\header.php on line 2
[05-May-2025 20:22:30 UTC] PHP Notice:  session_start(): Ignoring session_start() because a session is already active (started from C:\apache\htdocs\Perfumeria\Admin\vistas\dashboard.php on line 43) in C:\apache\htdocs\Perfumeria\includes\templates\header.php on line 2
[05-May-2025 20:23:16 UTC] PHP Notice:  session_start(): Ignoring session_start() because a session is already active (started from C:\apache\htdocs\Perfumeria\Admin\vistas\dashboard.php on line 43) in C:\apache\htdocs\Perfumeria\includes\templates\header.php on line 2
[05-May-2025 20:23:16 UTC] PHP Notice:  session_start(): Ignoring session_start() because a session is already active (started from C:\apache\htdocs\Perfumeria\Admin\vistas\dashboard.php on line 43) in C:\apache\htdocs\Perfumeria\includes\templates\header.php on line 2
[05-May-2025 20:23:16 UTC] PHP Notice:  session_start(): Ignoring session_start() because a session is already active (started from C:\apache\htdocs\Perfumeria\Admin\vistas\dashboard.php on line 43) in C:\apache\htdocs\Perfumeria\includes\templates\header.php on line 2
[05-May-2025 20:23:17 UTC] PHP Notice:  session_start(): Ignoring session_start() because a session is already active (started from C:\apache\htdocs\Perfumeria\Admin\vistas\dashboard.php on line 43) in C:\apache\htdocs\Perfumeria\includes\templates\header.php on line 2
[05-May-2025 20:23:17 UTC] PHP Notice:  session_start(): Ignoring session_start() because a session is already active (started from C:\apache\htdocs\Perfumeria\Admin\vistas\dashboard.php on line 43) in C:\apache\htdocs\Perfumeria\includes\templates\header.php on line 2
[05-May-2025 20:23:17 UTC] PHP Notice:  session_start(): Ignoring session_start() because a session is already active (started from C:\apache\htdocs\Perfumeria\Admin\vistas\dashboard.php on line 43) in C:\apache\htdocs\Perfumeria\includes\templates\header.php on line 2
[05-May-2025 20:23:17 UTC] PHP Notice:  session_start(): Ignoring session_start() because a session is already active (started from C:\apache\htdocs\Perfumeria\Admin\vistas\dashboard.php on line 43) in C:\apache\htdocs\Perfumeria\includes\templates\header.php on line 2
[05-May-2025 20:23:18 UTC] PHP Notice:  session_start(): Ignoring session_start() because a session is already active (started from C:\apache\htdocs\Perfumeria\Admin\vistas\dashboard.php on line 43) in C:\apache\htdocs\Perfumeria\includes\templates\header.php on line 2
[05-May-2025 20:23:19 UTC] PHP Notice:  session_start(): Ignoring session_start() because a session is already active (started from C:\apache\htdocs\Perfumeria\Admin\vistas\dashboard.php on line 43) in C:\apache\htdocs\Perfumeria\includes\templates\header.php on line 2
[05-May-2025 20:24:07 UTC] PHP Notice:  session_start(): Ignoring session_start() because a session is already active (started from C:\apache\htdocs\Perfumeria\Admin\vistas\dashboard.php on line 43) in C:\apache\htdocs\Perfumeria\includes\templates\header.php on line 2
[05-May-2025 20:24:08 UTC] PHP Notice:  session_start(): Ignoring session_start() because a session is already active (started from C:\apache\htdocs\Perfumeria\Admin\vistas\dashboard.php on line 43) in C:\apache\htdocs\Perfumeria\includes\templates\header.php on line 2
[05-May-2025 20:24:09 UTC] PHP Notice:  session_start(): Ignoring session_start() because a session is already active (started from C:\apache\htdocs\Perfumeria\Admin\vistas\dashboard.php on line 43) in C:\apache\htdocs\Perfumeria\includes\templates\header.php on line 2
[05-May-2025 20:24:11 UTC] PHP Notice:  session_start(): Ignoring session_start() because a session is already active (started from C:\apache\htdocs\Perfumeria\Admin\vistas\dashboard.php on line 43) in C:\apache\htdocs\Perfumeria\includes\templates\header.php on line 2
[05-May-2025 20:24:12 UTC] PHP Notice:  session_start(): Ignoring session_start() because a session is already active (started from C:\apache\htdocs\Perfumeria\Admin\vistas\dashboard.php on line 43) in C:\apache\htdocs\Perfumeria\includes\templates\header.php on line 2
[05-May-2025 20:24:13 UTC] PHP Notice:  session_start(): Ignoring session_start() because a session is already active (started from C:\apache\htdocs\Perfumeria\Admin\vistas\dashboard.php on line 43) in C:\apache\htdocs\Perfumeria\includes\templates\header.php on line 2
[05-May-2025 20:24:43 UTC] PHP Notice:  session_start(): Ignoring session_start() because a session is already active (started from C:\apache\htdocs\Perfumeria\Admin\vistas\dashboard.php on line 43) in C:\apache\htdocs\Perfumeria\includes\templates\header.php on line 2
[05-May-2025 20:24:44 UTC] PHP Notice:  session_start(): Ignoring session_start() because a session is already active (started from C:\apache\htdocs\Perfumeria\Admin\vistas\dashboard.php on line 43) in C:\apache\htdocs\Perfumeria\includes\templates\header.php on line 2
[05-May-2025 20:24:44 UTC] PHP Notice:  session_start(): Ignoring session_start() because a session is already active (started from C:\apache\htdocs\Perfumeria\Admin\vistas\dashboard.php on line 43) in C:\apache\htdocs\Perfumeria\includes\templates\header.php on line 2
[05-May-2025 20:24:44 UTC] PHP Notice:  session_start(): Ignoring session_start() because a session is already active (started from C:\apache\htdocs\Perfumeria\Admin\vistas\dashboard.php on line 43) in C:\apache\htdocs\Perfumeria\includes\templates\header.php on line 2
[05-May-2025 20:24:45 UTC] PHP Notice:  session_start(): Ignoring session_start() because a session is already active (started from C:\apache\htdocs\Perfumeria\Admin\vistas\dashboard.php on line 43) in C:\apache\htdocs\Perfumeria\includes\templates\header.php on line 2
[05-May-2025 20:24:45 UTC] PHP Notice:  session_start(): Ignoring session_start() because a session is already active (started from C:\apache\htdocs\Perfumeria\Admin\vistas\dashboard.php on line 43) in C:\apache\htdocs\Perfumeria\includes\templates\header.php on line 2
[05-May-2025 20:24:47 UTC] PHP Notice:  session_start(): Ignoring session_start() because a session is already active (started from C:\apache\htdocs\Perfumeria\Admin\vistas\dashboard.php on line 43) in C:\apache\htdocs\Perfumeria\includes\templates\header.php on line 2
[05-May-2025 20:24:47 UTC] PHP Notice:  session_start(): Ignoring session_start() because a session is already active (started from C:\apache\htdocs\Perfumeria\Admin\vistas\dashboard.php on line 43) in C:\apache\htdocs\Perfumeria\includes\templates\header.php on line 2
[05-May-2025 20:24:47 UTC] PHP Notice:  session_start(): Ignoring session_start() because a session is already active (started from C:\apache\htdocs\Perfumeria\Admin\vistas\dashboard.php on line 43) in C:\apache\htdocs\Perfumeria\includes\templates\header.php on line 2
[05-May-2025 20:25:05 UTC] PHP Notice:  session_start(): Ignoring session_start() because a session is already active (started from C:\apache\htdocs\Perfumeria\Admin\vistas\dashboard.php on line 43) in C:\apache\htdocs\Perfumeria\includes\templates\header.php on line 2
[05-May-2025 20:28:15 UTC] PHP Notice:  session_start(): Ignoring session_start() because a session is already active (started from C:\apache\htdocs\Perfumeria\Admin\vistas\dashboard.php on line 43) in C:\apache\htdocs\Perfumeria\includes\templates\header.php on line 2
[05-May-2025 20:28:15 UTC] PHP Notice:  session_start(): Ignoring session_start() because a session is already active (started from C:\apache\htdocs\Perfumeria\Admin\vistas\dashboard.php on line 43) in C:\apache\htdocs\Perfumeria\includes\templates\header.php on line 2
[05-May-2025 20:28:15 UTC] PHP Notice:  session_start(): Ignoring session_start() because a session is already active (started from C:\apache\htdocs\Perfumeria\Admin\vistas\dashboard.php on line 43) in C:\apache\htdocs\Perfumeria\includes\templates\header.php on line 2
[05-May-2025 20:28:16 UTC] PHP Notice:  session_start(): Ignoring session_start() because a session is already active (started from C:\apache\htdocs\Perfumeria\Admin\vistas\dashboard.php on line 43) in C:\apache\htdocs\Perfumeria\includes\templates\header.php on line 2
[05-May-2025 20:28:16 UTC] PHP Notice:  session_start(): Ignoring session_start() because a session is already active (started from C:\apache\htdocs\Perfumeria\Admin\vistas\dashboard.php on line 43) in C:\apache\htdocs\Perfumeria\includes\templates\header.php on line 2
[05-May-2025 20:28:20 UTC] PHP Notice:  session_start(): Ignoring session_start() because a session is already active (started from C:\apache\htdocs\Perfumeria\Admin\vistas\dashboard.php on line 43) in C:\apache\htdocs\Perfumeria\includes\templates\header.php on line 2
[05-May-2025 20:28:55 UTC] PHP Notice:  session_start(): Ignoring session_start() because a session is already active (started from C:\apache\htdocs\Perfumeria\Admin\vistas\dashboard.php on line 43) in C:\apache\htdocs\Perfumeria\includes\templates\header.php on line 2
[05-May-2025 20:29:45 UTC] PHP Notice:  session_start(): Ignoring session_start() because a session is already active (started from C:\apache\htdocs\Perfumeria\Admin\vistas\dashboard.php on line 43) in C:\apache\htdocs\Perfumeria\includes\templates\header.php on line 2
[05-May-2025 20:29:45 UTC] PHP Notice:  session_start(): Ignoring session_start() because a session is already active (started from C:\apache\htdocs\Perfumeria\Admin\vistas\dashboard.php on line 43) in C:\apache\htdocs\Perfumeria\includes\templates\header.php on line 2
[05-May-2025 20:29:46 UTC] PHP Notice:  session_start(): Ignoring session_start() because a session is already active (started from C:\apache\htdocs\Perfumeria\Admin\vistas\dashboard.php on line 43) in C:\apache\htdocs\Perfumeria\includes\templates\header.php on line 2
[05-May-2025 20:29:55 UTC] PHP Notice:  session_start(): Ignoring session_start() because a session is already active (started from C:\apache\htdocs\Perfumeria\Admin\vistas\dashboard.php on line 43) in C:\apache\htdocs\Perfumeria\includes\templates\header.php on line 2
[05-May-2025 20:29:55 UTC] PHP Notice:  session_start(): Ignoring session_start() because a session is already active (started from C:\apache\htdocs\Perfumeria\Admin\vistas\dashboard.php on line 43) in C:\apache\htdocs\Perfumeria\includes\templates\header.php on line 2
[05-May-2025 20:29:56 UTC] PHP Notice:  session_start(): Ignoring session_start() because a session is already active (started from C:\apache\htdocs\Perfumeria\Admin\vistas\dashboard.php on line 43) in C:\apache\htdocs\Perfumeria\includes\templates\header.php on line 2
[05-May-2025 20:29:56 UTC] PHP Notice:  session_start(): Ignoring session_start() because a session is already active (started from C:\apache\htdocs\Perfumeria\Admin\vistas\dashboard.php on line 43) in C:\apache\htdocs\Perfumeria\includes\templates\header.php on line 2
[05-May-2025 20:30:14 UTC] PHP Notice:  session_start(): Ignoring session_start() because a session is already active (started from C:\apache\htdocs\Perfumeria\Admin\vistas\dashboard.php on line 43) in C:\apache\htdocs\Perfumeria\includes\templates\header.php on line 2
[05-May-2025 20:30:16 UTC] PHP Notice:  session_start(): Ignoring session_start() because a session is already active (started from C:\apache\htdocs\Perfumeria\Admin\vistas\dashboard.php on line 43) in C:\apache\htdocs\Perfumeria\includes\templates\header.php on line 2
[05-May-2025 20:30:20 UTC] PHP Notice:  session_start(): Ignoring session_start() because a session is already active (started from C:\apache\htdocs\Perfumeria\Admin\vistas\dashboard.php on line 43) in C:\apache\htdocs\Perfumeria\includes\templates\header.php on line 2
[05-May-2025 20:30:20 UTC] PHP Notice:  session_start(): Ignoring session_start() because a session is already active (started from C:\apache\htdocs\Perfumeria\Admin\vistas\dashboard.php on line 43) in C:\apache\htdocs\Perfumeria\includes\templates\header.php on line 2
[05-May-2025 20:30:20 UTC] PHP Notice:  session_start(): Ignoring session_start() because a session is already active (started from C:\apache\htdocs\Perfumeria\Admin\vistas\dashboard.php on line 43) in C:\apache\htdocs\Perfumeria\includes\templates\header.php on line 2
[05-May-2025 20:30:20 UTC] PHP Notice:  session_start(): Ignoring session_start() because a session is already active (started from C:\apache\htdocs\Perfumeria\Admin\vistas\dashboard.php on line 43) in C:\apache\htdocs\Perfumeria\includes\templates\header.php on line 2
[05-May-2025 20:30:30 UTC] PHP Notice:  session_start(): Ignoring session_start() because a session is already active (started from C:\apache\htdocs\Perfumeria\Admin\vistas\ActualizarProducto.php on line 8) in C:\apache\htdocs\Perfumeria\includes\templates\header.php on line 2
[05-May-2025 20:32:44 UTC] PHP Notice:  session_start(): Ignoring session_start() because a session is already active (started from C:\apache\htdocs\Perfumeria\Admin\vistas\dashboard.php on line 43) in C:\apache\htdocs\Perfumeria\includes\templates\header.php on line 2
[05-May-2025 20:32:45 UTC] PHP Notice:  session_start(): Ignoring session_start() because a session is already active (started from C:\apache\htdocs\Perfumeria\Admin\vistas\dashboard.php on line 43) in C:\apache\htdocs\Perfumeria\includes\templates\header.php on line 2
[05-May-2025 20:32:45 UTC] PHP Notice:  session_start(): Ignoring session_start() because a session is already active (started from C:\apache\htdocs\Perfumeria\Admin\vistas\dashboard.php on line 43) in C:\apache\htdocs\Perfumeria\includes\templates\header.php on line 2
[05-May-2025 20:32:46 UTC] PHP Notice:  session_start(): Ignoring session_start() because a session is already active (started from C:\apache\htdocs\Perfumeria\Admin\vistas\dashboard.php on line 43) in C:\apache\htdocs\Perfumeria\includes\templates\header.php on line 2
[05-May-2025 20:32:46 UTC] PHP Notice:  session_start(): Ignoring session_start() because a session is already active (started from C:\apache\htdocs\Perfumeria\Admin\vistas\dashboard.php on line 43) in C:\apache\htdocs\Perfumeria\includes\templates\header.php on line 2
[05-May-2025 20:32:50 UTC] PHP Notice:  session_start(): Ignoring session_start() because a session is already active (started from C:\apache\htdocs\Perfumeria\Admin\vistas\CrearProducto.php on line 7) in C:\apache\htdocs\Perfumeria\includes\templates\header.php on line 2
[05-May-2025 20:36:06 UTC] PHP Notice:  session_start(): Ignoring session_start() because a session is already active (started from C:\apache\htdocs\Perfumeria\Admin\vistas\CrearProducto.php on line 7) in C:\apache\htdocs\Perfumeria\includes\templates\header.php on line 2
[05-May-2025 20:36:06 UTC] PHP Notice:  session_start(): Ignoring session_start() because a session is already active (started from C:\apache\htdocs\Perfumeria\Admin\vistas\CrearProducto.php on line 7) in C:\apache\htdocs\Perfumeria\includes\templates\header.php on line 2
[05-May-2025 20:36:06 UTC] PHP Notice:  session_start(): Ignoring session_start() because a session is already active (started from C:\apache\htdocs\Perfumeria\Admin\vistas\CrearProducto.php on line 7) in C:\apache\htdocs\Perfumeria\includes\templates\header.php on line 2
[05-May-2025 20:36:33 UTC] PHP Notice:  session_start(): Ignoring session_start() because a session is already active (started from C:\apache\htdocs\Perfumeria\Admin\vistas\dashboard.php on line 43) in C:\apache\htdocs\Perfumeria\includes\templates\header.php on line 2
[05-May-2025 20:37:06 UTC] PHP Notice:  session_start(): Ignoring session_start() because a session is already active (started from C:\apache\htdocs\Perfumeria\Admin\vistas\ActualizarProducto.php on line 8) in C:\apache\htdocs\Perfumeria\includes\templates\header.php on line 2
[05-May-2025 20:37:56 UTC] PHP Notice:  session_start(): Ignoring session_start() because a session is already active (started from C:\apache\htdocs\Perfumeria\Admin\vistas\ActualizarProducto.php on line 8) in C:\apache\htdocs\Perfumeria\includes\templates\header.php on line 2
[05-May-2025 20:38:38 UTC] PHP Notice:  session_start(): Ignoring session_start() because a session is already active (started from C:\apache\htdocs\Perfumeria\Admin\vistas\ActualizarProducto.php on line 8) in C:\apache\htdocs\Perfumeria\includes\templates\header.php on line 2
[05-May-2025 20:38:44 UTC] PHP Notice:  session_start(): Ignoring session_start() because a session is already active (started from C:\apache\htdocs\Perfumeria\Admin\vistas\ActualizarProducto.php on line 8) in C:\apache\htdocs\Perfumeria\includes\templates\header.php on line 2
[05-May-2025 20:39:08 UTC] PHP Notice:  session_start(): Ignoring session_start() because a session is already active (started from C:\apache\htdocs\Perfumeria\Admin\vistas\ActualizarProducto.php on line 8) in C:\apache\htdocs\Perfumeria\includes\templates\header.php on line 2
[05-May-2025 20:39:08 UTC] PHP Notice:  session_start(): Ignoring session_start() because a session is already active (started from C:\apache\htdocs\Perfumeria\Admin\vistas\ActualizarProducto.php on line 8) in C:\apache\htdocs\Perfumeria\includes\templates\header.php on line 2
[05-May-2025 20:39:15 UTC] PHP Notice:  session_start(): Ignoring session_start() because a session is already active (started from C:\apache\htdocs\Perfumeria\Admin\vistas\ActualizarProducto.php on line 8) in C:\apache\htdocs\Perfumeria\includes\templates\header.php on line 2
[05-May-2025 20:39:21 UTC] PHP Notice:  session_start(): Ignoring session_start() because a session is already active (started from C:\apache\htdocs\Perfumeria\Admin\vistas\ActualizarProducto.php on line 8) in C:\apache\htdocs\Perfumeria\includes\templates\header.php on line 2
[05-May-2025 20:39:25 UTC] PHP Notice:  session_start(): Ignoring session_start() because a session is already active (started from C:\apache\htdocs\Perfumeria\Admin\vistas\dashboard.php on line 43) in C:\apache\htdocs\Perfumeria\includes\templates\header.php on line 2
[05-May-2025 20:39:26 UTC] PHP Notice:  session_start(): Ignoring session_start() because a session is already active (started from C:\apache\htdocs\Perfumeria\Admin\vistas\dashboard.php on line 43) in C:\apache\htdocs\Perfumeria\includes\templates\header.php on line 2
[05-May-2025 20:39:28 UTC] PHP Notice:  session_start(): Ignoring session_start() because a session is already active (started from C:\apache\htdocs\Perfumeria\Admin\vistas\ActualizarProducto.php on line 8) in C:\apache\htdocs\Perfumeria\includes\templates\header.php on line 2
[05-May-2025 20:39:32 UTC] PHP Notice:  session_start(): Ignoring session_start() because a session is already active (started from C:\apache\htdocs\Perfumeria\Admin\vistas\ActualizarProducto.php on line 8) in C:\apache\htdocs\Perfumeria\includes\templates\header.php on line 2
[05-May-2025 20:40:11 UTC] PHP Notice:  session_start(): Ignoring session_start() because a session is already active (started from C:\apache\htdocs\Perfumeria\Admin\vistas\ActualizarProducto.php on line 8) in C:\apache\htdocs\Perfumeria\includes\templates\header.php on line 2
[05-May-2025 20:40:14 UTC] PHP Notice:  session_start(): Ignoring session_start() because a session is already active (started from C:\apache\htdocs\Perfumeria\Admin\vistas\dashboard.php on line 43) in C:\apache\htdocs\Perfumeria\includes\templates\header.php on line 2
[05-May-2025 20:40:17 UTC] PHP Notice:  session_start(): Ignoring session_start() because a session is already active (started from C:\apache\htdocs\Perfumeria\Admin\vistas\ActualizarProducto.php on line 8) in C:\apache\htdocs\Perfumeria\includes\templates\header.php on line 2
[05-May-2025 20:40:21 UTC] PHP Notice:  session_start(): Ignoring session_start() because a session is already active (started from C:\apache\htdocs\Perfumeria\Admin\vistas\ActualizarProducto.php on line 8) in C:\apache\htdocs\Perfumeria\includes\templates\header.php on line 2
[05-May-2025 20:41:01 UTC] PHP Notice:  session_start(): Ignoring session_start() because a session is already active (started from C:\apache\htdocs\Perfumeria\Admin\vistas\ActualizarProducto.php on line 8) in C:\apache\htdocs\Perfumeria\includes\templates\header.php on line 2
[05-May-2025 20:41:01 UTC] PHP Notice:  session_start(): Ignoring session_start() because a session is already active (started from C:\apache\htdocs\Perfumeria\Admin\vistas\ActualizarProducto.php on line 8) in C:\apache\htdocs\Perfumeria\includes\templates\header.php on line 2
[05-May-2025 20:41:01 UTC] PHP Notice:  session_start(): Ignoring session_start() because a session is already active (started from C:\apache\htdocs\Perfumeria\Admin\vistas\ActualizarProducto.php on line 8) in C:\apache\htdocs\Perfumeria\includes\templates\header.php on line 2
[05-May-2025 20:41:01 UTC] PHP Notice:  session_start(): Ignoring session_start() because a session is already active (started from C:\apache\htdocs\Perfumeria\Admin\vistas\ActualizarProducto.php on line 8) in C:\apache\htdocs\Perfumeria\includes\templates\header.php on line 2
[05-May-2025 20:41:08 UTC] PHP Notice:  session_start(): Ignoring session_start() because a session is already active (started from C:\apache\htdocs\Perfumeria\Admin\vistas\dashboard.php on line 43) in C:\apache\htdocs\Perfumeria\includes\templates\header.php on line 2
[05-May-2025 20:41:16 UTC] PHP Notice:  session_start(): Ignoring session_start() because a session is already active (started from C:\apache\htdocs\Perfumeria\Admin\vistas\dashboard.php on line 43) in C:\apache\htdocs\Perfumeria\includes\templates\header.php on line 2
[05-May-2025 20:41:19 UTC] PHP Notice:  session_start(): Ignoring session_start() because a session is already active (started from C:\apache\htdocs\Perfumeria\Admin\vistas\ActualizarProducto.php on line 8) in C:\apache\htdocs\Perfumeria\includes\templates\header.php on line 2
[05-May-2025 20:41:21 UTC] PHP Notice:  session_start(): Ignoring session_start() because a session is already active (started from C:\apache\htdocs\Perfumeria\Admin\vistas\ActualizarProducto.php on line 8) in C:\apache\htdocs\Perfumeria\includes\templates\header.php on line 2
[05-May-2025 20:41:27 UTC] PHP Notice:  session_start(): Ignoring session_start() because a session is already active (started from C:\apache\htdocs\Perfumeria\Admin\vistas\ActualizarProducto.php on line 8) in C:\apache\htdocs\Perfumeria\includes\templates\header.php on line 2
[05-May-2025 20:43:07 UTC] PHP Notice:  session_start(): Ignoring session_start() because a session is already active (started from C:\apache\htdocs\Perfumeria\Admin\vistas\ActualizarProducto.php on line 8) in C:\apache\htdocs\Perfumeria\includes\templates\header.php on line 2
[05-May-2025 20:43:07 UTC] PHP Notice:  session_start(): Ignoring session_start() because a session is already active (started from C:\apache\htdocs\Perfumeria\Admin\vistas\ActualizarProducto.php on line 8) in C:\apache\htdocs\Perfumeria\includes\templates\header.php on line 2
[05-May-2025 20:43:08 UTC] PHP Notice:  session_start(): Ignoring session_start() because a session is already active (started from C:\apache\htdocs\Perfumeria\Admin\vistas\ActualizarProducto.php on line 8) in C:\apache\htdocs\Perfumeria\includes\templates\header.php on line 2
[05-May-2025 20:43:11 UTC] PHP Notice:  session_start(): Ignoring session_start() because a session is already active (started from C:\apache\htdocs\Perfumeria\Admin\vistas\dashboard.php on line 43) in C:\apache\htdocs\Perfumeria\includes\templates\header.php on line 2
[05-May-2025 20:43:25 UTC] PHP Notice:  session_start(): Ignoring session_start() because a session is already active (started from C:\apache\htdocs\Perfumeria\Admin\vistas\ActualizarProducto.php on line 8) in C:\apache\htdocs\Perfumeria\includes\templates\header.php on line 2
[05-May-2025 20:43:48 UTC] PHP Notice:  session_start(): Ignoring session_start() because a session is already active (started from C:\apache\htdocs\Perfumeria\Admin\vistas\dashboard.php on line 43) in C:\apache\htdocs\Perfumeria\includes\templates\header.php on line 2
[05-May-2025 20:44:38 UTC] PHP Notice:  session_start(): Ignoring session_start() because a session is already active (started from C:\apache\htdocs\Perfumeria\Admin\vistas\dashboard.php on line 43) in C:\apache\htdocs\Perfumeria\includes\templates\header.php on line 2
[05-May-2025 20:44:50 UTC] PHP Notice:  session_start(): Ignoring session_start() because a session is already active (started from C:\apache\htdocs\Perfumeria\Admin\vistas\dashboard.php on line 43) in C:\apache\htdocs\Perfumeria\includes\templates\header.php on line 2
[05-May-2025 20:45:42 UTC] PHP Notice:  session_start(): Ignoring session_start() because a session is already active (started from C:\apache\htdocs\Perfumeria\Admin\vistas\dashboard.php on line 43) in C:\apache\htdocs\Perfumeria\includes\templates\header.php on line 2
[05-May-2025 20:46:45 UTC] PHP Notice:  session_start(): Ignoring session_start() because a session is already active (started from C:\apache\htdocs\Perfumeria\Admin\vistas\dashboard.php on line 43) in C:\apache\htdocs\Perfumeria\includes\templates\header.php on line 2
[05-May-2025 20:46:46 UTC] PHP Notice:  session_start(): Ignoring session_start() because a session is already active (started from C:\apache\htdocs\Perfumeria\Admin\vistas\dashboard.php on line 43) in C:\apache\htdocs\Perfumeria\includes\templates\header.php on line 2
[05-May-2025 20:47:38 UTC] PHP Notice:  session_start(): Ignoring session_start() because a session is already active (started from C:\apache\htdocs\Perfumeria\Admin\vistas\ActualizarProducto.php on line 8) in C:\apache\htdocs\Perfumeria\includes\templates\header.php on line 2
[05-May-2025 20:47:49 UTC] PHP Notice:  session_start(): Ignoring session_start() because a session is already active (started from C:\apache\htdocs\Perfumeria\Admin\vistas\ActualizarProducto.php on line 8) in C:\apache\htdocs\Perfumeria\includes\templates\header.php on line 2
[05-May-2025 20:48:03 UTC] PHP Notice:  session_start(): Ignoring session_start() because a session is already active (started from C:\apache\htdocs\Perfumeria\Admin\vistas\ActualizarProducto.php on line 8) in C:\apache\htdocs\Perfumeria\includes\templates\header.php on line 2
[05-May-2025 20:48:56 UTC] PHP Warning:  Undefined array key "csrf_token" in C:\apache\htdocs\Perfumeria\Admin\vistas\dashboard.php on line 84
[05-May-2025 20:48:56 UTC] PHP Warning:  Undefined array key "csrf_token" in C:\apache\htdocs\Perfumeria\Admin\vistas\dashboard.php on line 84
[05-May-2025 20:48:56 UTC] PHP Warning:  Undefined array key "csrf_token" in C:\apache\htdocs\Perfumeria\Admin\vistas\dashboard.php on line 84
[05-May-2025 20:48:56 UTC] PHP Warning:  Undefined array key "csrf_token" in C:\apache\htdocs\Perfumeria\Admin\vistas\dashboard.php on line 84
[05-May-2025 20:48:56 UTC] PHP Warning:  Undefined array key "csrf_token" in C:\apache\htdocs\Perfumeria\Admin\vistas\dashboard.php on line 117
[05-May-2025 20:48:56 UTC] PHP Warning:  Undefined array key "csrf_token" in C:\apache\htdocs\Perfumeria\Admin\vistas\dashboard.php on line 153
[05-May-2025 20:48:58 UTC] PHP Warning:  Undefined array key "csrf_token" in C:\apache\htdocs\Perfumeria\Admin\vistas\dashboard.php on line 84
[05-May-2025 20:48:58 UTC] PHP Warning:  Undefined array key "csrf_token" in C:\apache\htdocs\Perfumeria\Admin\vistas\dashboard.php on line 84
[05-May-2025 20:48:58 UTC] PHP Warning:  Undefined array key "csrf_token" in C:\apache\htdocs\Perfumeria\Admin\vistas\dashboard.php on line 84
[05-May-2025 20:48:58 UTC] PHP Warning:  Undefined array key "csrf_token" in C:\apache\htdocs\Perfumeria\Admin\vistas\dashboard.php on line 84
[05-May-2025 20:48:58 UTC] PHP Warning:  Undefined array key "csrf_token" in C:\apache\htdocs\Perfumeria\Admin\vistas\dashboard.php on line 117
[05-May-2025 20:48:58 UTC] PHP Warning:  Undefined array key "csrf_token" in C:\apache\htdocs\Perfumeria\Admin\vistas\dashboard.php on line 153
[05-May-2025 20:48:59 UTC] PHP Warning:  Undefined array key "csrf_token" in C:\apache\htdocs\Perfumeria\Admin\vistas\dashboard.php on line 84
[05-May-2025 20:48:59 UTC] PHP Warning:  Undefined array key "csrf_token" in C:\apache\htdocs\Perfumeria\Admin\vistas\dashboard.php on line 84
[05-May-2025 20:48:59 UTC] PHP Warning:  Undefined array key "csrf_token" in C:\apache\htdocs\Perfumeria\Admin\vistas\dashboard.php on line 84
[05-May-2025 20:48:59 UTC] PHP Warning:  Undefined array key "csrf_token" in C:\apache\htdocs\Perfumeria\Admin\vistas\dashboard.php on line 84
[05-May-2025 20:48:59 UTC] PHP Warning:  Undefined array key "csrf_token" in C:\apache\htdocs\Perfumeria\Admin\vistas\dashboard.php on line 117
[05-May-2025 20:48:59 UTC] PHP Warning:  Undefined array key "csrf_token" in C:\apache\htdocs\Perfumeria\Admin\vistas\dashboard.php on line 153
[05-May-2025 20:48:59 UTC] PHP Warning:  Undefined array key "csrf_token" in C:\apache\htdocs\Perfumeria\Admin\vistas\dashboard.php on line 84
[05-May-2025 20:48:59 UTC] PHP Warning:  Undefined array key "csrf_token" in C:\apache\htdocs\Perfumeria\Admin\vistas\dashboard.php on line 84
[05-May-2025 20:48:59 UTC] PHP Warning:  Undefined array key "csrf_token" in C:\apache\htdocs\Perfumeria\Admin\vistas\dashboard.php on line 84
[05-May-2025 20:48:59 UTC] PHP Warning:  Undefined array key "csrf_token" in C:\apache\htdocs\Perfumeria\Admin\vistas\dashboard.php on line 84
[05-May-2025 20:48:59 UTC] PHP Warning:  Undefined array key "csrf_token" in C:\apache\htdocs\Perfumeria\Admin\vistas\dashboard.php on line 117
[05-May-2025 20:48:59 UTC] PHP Warning:  Undefined array key "csrf_token" in C:\apache\htdocs\Perfumeria\Admin\vistas\dashboard.php on line 153
[05-May-2025 20:51:14 UTC] PHP Warning:  Undefined array key "Rol_Usuario" in C:\apache\htdocs\Perfumeria\includes\function.php on line 8
[05-May-2025 20:51:32 UTC] PHP Notice:  session_start(): Ignoring session_start() because a session is already active (started from C:\apache\htdocs\Perfumeria\Admin\vistas\CrearProducto.php on line 7) in C:\apache\htdocs\Perfumeria\includes\templates\header.php on line 2
[05-May-2025 20:51:34 UTC] PHP Warning:  Undefined array key "Rol_Usuario" in C:\apache\htdocs\Perfumeria\includes\function.php on line 8
[05-May-2025 20:52:41 UTC] PHP Warning:  Undefined array key "Rol_Usuario" in C:\apache\htdocs\Perfumeria\includes\function.php on line 8
[05-May-2025 20:52:43 UTC] PHP Warning:  Undefined array key "Rol_Usuario" in C:\apache\htdocs\Perfumeria\includes\function.php on line 8
[06-May-2025 21:29:04 UTC] PHP Warning:  Undefined array key "Rol_Usuario" in C:\apache\htdocs\Perfumeria\includes\function.php on line 8
[06-May-2025 21:29:06 UTC] PHP Warning:  Undefined array key "Rol_Usuario" in C:\apache\htdocs\Perfumeria\includes\function.php on line 8
[06-May-2025 21:29:07 UTC] PHP Warning:  Undefined array key "Rol_Usuario" in C:\apache\htdocs\Perfumeria\includes\function.php on line 8
[06-May-2025 21:32:54 UTC] PHP Notice:  session_start(): Ignoring session_start() because a session is already active (started from C:\apache\htdocs\Perfumeria\includes\function.php on line 6) in C:\apache\htdocs\Perfumeria\includes\templates\header.php on line 2
[06-May-2025 21:32:57 UTC] PHP Notice:  session_start(): Ignoring session_start() because a session is already active (started from C:\apache\htdocs\Perfumeria\includes\function.php on line 6) in C:\apache\htdocs\Perfumeria\Admin\vistas\CrearProducto.php on line 15
[06-May-2025 21:32:57 UTC] PHP Notice:  session_start(): Ignoring session_start() because a session is already active (started from C:\apache\htdocs\Perfumeria\includes\function.php on line 6) in C:\apache\htdocs\Perfumeria\includes\templates\header.php on line 2
[06-May-2025 21:33:18 UTC] PHP Notice:  session_start(): Ignoring session_start() because a session is already active (started from C:\apache\htdocs\Perfumeria\includes\function.php on line 6) in C:\apache\htdocs\Perfumeria\includes\templates\header.php on line 2
[06-May-2025 21:33:23 UTC] PHP Notice:  session_start(): Ignoring session_start() because a session is already active (started from C:\apache\htdocs\Perfumeria\includes\function.php on line 6) in C:\apache\htdocs\Perfumeria\Admin\vistas\CrearProducto.php on line 15
[06-May-2025 21:33:23 UTC] PHP Notice:  session_start(): Ignoring session_start() because a session is already active (started from C:\apache\htdocs\Perfumeria\includes\function.php on line 6) in C:\apache\htdocs\Perfumeria\includes\templates\header.php on line 2
[06-May-2025 21:33:36 UTC] PHP Notice:  session_start(): Ignoring session_start() because a session is already active (started from C:\apache\htdocs\Perfumeria\includes\function.php on line 6) in C:\apache\htdocs\Perfumeria\includes\templates\header.php on line 2
[07-May-2025 22:27:46 UTC] PHP Notice:  session_start(): Ignoring session_start() because a session is already active (started from C:\apache\htdocs\Perfumeria\includes\function.php on line 6) in C:\apache\htdocs\Perfumeria\includes\templates\header.php on line 2
[07-May-2025 22:27:48 UTC] PHP Notice:  session_start(): Ignoring session_start() because a session is already active (started from C:\apache\htdocs\Perfumeria\includes\function.php on line 6) in C:\apache\htdocs\Perfumeria\Admin\vistas\CrearProducto.php on line 15
[07-May-2025 22:27:48 UTC] PHP Notice:  session_start(): Ignoring session_start() because a session is already active (started from C:\apache\htdocs\Perfumeria\includes\function.php on line 6) in C:\apache\htdocs\Perfumeria\includes\templates\header.php on line 2
[07-May-2025 22:28:21 UTC] PHP Notice:  session_start(): Ignoring session_start() because a session is already active (started from C:\apache\htdocs\Perfumeria\includes\function.php on line 6) in C:\apache\htdocs\Perfumeria\includes\templates\header.php on line 2
[07-May-2025 22:28:23 UTC] PHP Notice:  session_start(): Ignoring session_start() because a session is already active (started from C:\apache\htdocs\Perfumeria\includes\function.php on line 6) in C:\apache\htdocs\Perfumeria\Admin\vistas\CrearProducto.php on line 15
[07-May-2025 22:28:23 UTC] PHP Notice:  session_start(): Ignoring session_start() because a session is already active (started from C:\apache\htdocs\Perfumeria\includes\function.php on line 6) in C:\apache\htdocs\Perfumeria\includes\templates\header.php on line 2
[07-May-2025 22:28:48 UTC] PHP Notice:  session_start(): Ignoring session_start() because a session is already active (started from C:\apache\htdocs\Perfumeria\includes\function.php on line 6) in C:\apache\htdocs\Perfumeria\includes\templates\header.php on line 2
[07-May-2025 22:29:01 UTC] PHP Notice:  session_start(): Ignoring session_start() because a session is already active (started from C:\apache\htdocs\Perfumeria\includes\function.php on line 6) in C:\apache\htdocs\Perfumeria\Admin\vistas\CrearProducto.php on line 15
[07-May-2025 22:29:01 UTC] PHP Notice:  session_start(): Ignoring session_start() because a session is already active (started from C:\apache\htdocs\Perfumeria\includes\function.php on line 6) in C:\apache\htdocs\Perfumeria\includes\templates\header.php on line 2
[07-May-2025 22:29:26 UTC] PHP Notice:  session_start(): Ignoring session_start() because a session is already active (started from C:\apache\htdocs\Perfumeria\includes\function.php on line 6) in C:\apache\htdocs\Perfumeria\includes\templates\header.php on line 2
[07-May-2025 22:29:32 UTC] PHP Notice:  session_start(): Ignoring session_start() because a session is already active (started from C:\apache\htdocs\Perfumeria\includes\function.php on line 6) in C:\apache\htdocs\Perfumeria\Admin\vistas\CrearProducto.php on line 15
[07-May-2025 22:29:32 UTC] PHP Notice:  session_start(): Ignoring session_start() because a session is already active (started from C:\apache\htdocs\Perfumeria\includes\function.php on line 6) in C:\apache\htdocs\Perfumeria\includes\templates\header.php on line 2
[07-May-2025 22:29:55 UTC] PHP Notice:  session_start(): Ignoring session_start() because a session is already active (started from C:\apache\htdocs\Perfumeria\includes\function.php on line 6) in C:\apache\htdocs\Perfumeria\includes\templates\header.php on line 2
[07-May-2025 22:29:59 UTC] PHP Notice:  session_start(): Ignoring session_start() because a session is already active (started from C:\apache\htdocs\Perfumeria\includes\function.php on line 6) in C:\apache\htdocs\Perfumeria\Admin\vistas\CrearProducto.php on line 15
[07-May-2025 22:29:59 UTC] PHP Notice:  session_start(): Ignoring session_start() because a session is already active (started from C:\apache\htdocs\Perfumeria\includes\function.php on line 6) in C:\apache\htdocs\Perfumeria\includes\templates\header.php on line 2
[07-May-2025 22:30:22 UTC] PHP Notice:  session_start(): Ignoring session_start() because a session is already active (started from C:\apache\htdocs\Perfumeria\includes\function.php on line 6) in C:\apache\htdocs\Perfumeria\includes\templates\header.php on line 2
[07-May-2025 22:30:23 UTC] PHP Notice:  session_start(): Ignoring session_start() because a session is already active (started from C:\apache\htdocs\Perfumeria\includes\function.php on line 6) in C:\apache\htdocs\Perfumeria\Admin\vistas\CrearProducto.php on line 15
[07-May-2025 22:30:23 UTC] PHP Notice:  session_start(): Ignoring session_start() because a session is already active (started from C:\apache\htdocs\Perfumeria\includes\function.php on line 6) in C:\apache\htdocs\Perfumeria\includes\templates\header.php on line 2
[07-May-2025 22:30:43 UTC] PHP Notice:  session_start(): Ignoring session_start() because a session is already active (started from C:\apache\htdocs\Perfumeria\includes\function.php on line 6) in C:\apache\htdocs\Perfumeria\includes\templates\header.php on line 2
[08-May-2025 19:05:27 UTC] PHP Notice:  session_start(): Ignoring session_start() because a session is already active (started from C:\apache\htdocs\Perfumeria\includes\function.php on line 6) in C:\apache\htdocs\Perfumeria\includes\templates\header.php on line 2
[02-Jun-2025 22:35:29 UTC] PHP Notice:  session_start(): Ignoring session_start() because a session is already active (started from C:\apache\htdocs\Perfumeria\includes\function.php on line 6) in C:\apache\htdocs\Perfumeria\includes\templates\session.php on line 2
[02-Jun-2025 22:35:30 UTC] PHP Notice:  session_start(): Ignoring session_start() because a session is already active (started from C:\apache\htdocs\Perfumeria\includes\function.php on line 6) in C:\apache\htdocs\Perfumeria\Admin\vistas\CrearProducto.php on line 15
[02-Jun-2025 22:35:30 UTC] PHP Notice:  session_start(): Ignoring session_start() because a session is already active (started from C:\apache\htdocs\Perfumeria\includes\function.php on line 6) in C:\apache\htdocs\Perfumeria\includes\templates\session.php on line 2
[02-Jun-2025 22:35:40 UTC] PHP Notice:  session_start(): Ignoring session_start() because a session is already active (started from C:\apache\htdocs\Perfumeria\includes\function.php on line 6) in C:\apache\htdocs\Perfumeria\Admin\vistas\ActualizarProducto.php on line 17
[02-Jun-2025 22:35:40 UTC] PHP Notice:  session_start(): Ignoring session_start() because a session is already active (started from C:\apache\htdocs\Perfumeria\includes\function.php on line 6) in C:\apache\htdocs\Perfumeria\includes\templates\session.php on line 2
[09-Jun-2025 20:28:11 UTC] PHP Warning:  Undefined array key "Rol_Usuario" in C:\apache\htdocs\Perfumeria\includes\function.php on line 8
[09-Jun-2025 20:28:38 UTC] PHP Notice:  session_start(): Ignoring session_start() because a session is already active (started from C:\apache\htdocs\Perfumeria\includes\function.php on line 6) in C:\apache\htdocs\Perfumeria\includes\templates\session.php on line 2
[09-Jun-2025 20:29:03 UTC] PHP Notice:  session_start(): Ignoring session_start() because a session is already active (started from C:\apache\htdocs\Perfumeria\includes\function.php on line 6) in C:\apache\htdocs\Perfumeria\Admin\vistas\ActualizarProducto.php on line 17
[09-Jun-2025 20:29:03 UTC] PHP Notice:  session_start(): Ignoring session_start() because a session is already active (started from C:\apache\htdocs\Perfumeria\includes\function.php on line 6) in C:\apache\htdocs\Perfumeria\includes\templates\session.php on line 2
[09-Jun-2025 20:29:07 UTC] PHP Notice:  session_start(): Ignoring session_start() because a session is already active (started from C:\apache\htdocs\Perfumeria\includes\function.php on line 6) in C:\apache\htdocs\Perfumeria\includes\templates\session.php on line 2
[09-Jun-2025 20:34:16 UTC] PHP Notice:  session_start(): Ignoring session_start() because a session is already active (started from C:\apache\htdocs\Perfumeria\includes\function.php on line 6) in C:\apache\htdocs\Perfumeria\Admin\vistas\CrearProducto.php on line 15
[09-Jun-2025 20:34:16 UTC] PHP Notice:  session_start(): Ignoring session_start() because a session is already active (started from C:\apache\htdocs\Perfumeria\includes\function.php on line 6) in C:\apache\htdocs\Perfumeria\includes\templates\session.php on line 2
[09-Jun-2025 20:35:09 UTC] PHP Notice:  session_start(): Ignoring session_start() because a session is already active (started from C:\apache\htdocs\Perfumeria\includes\function.php on line 6) in C:\apache\htdocs\Perfumeria\includes\templates\session.php on line 2
[09-Jun-2025 20:36:27 UTC] PHP Notice:  session_start(): Ignoring session_start() because a session is already active (started from C:\apache\htdocs\Perfumeria\includes\function.php on line 6) in C:\apache\htdocs\Perfumeria\includes\templates\session.php on line 2
[09-Jun-2025 20:36:38 UTC] PHP Notice:  session_start(): Ignoring session_start() because a session is already active (started from C:\apache\htdocs\Perfumeria\includes\function.php on line 6) in C:\apache\htdocs\Perfumeria\includes\templates\session.php on line 2
[09-Jun-2025 20:36:43 UTC] PHP Notice:  session_start(): Ignoring session_start() because a session is already active (started from C:\apache\htdocs\Perfumeria\includes\function.php on line 6) in C:\apache\htdocs\Perfumeria\includes\templates\session.php on line 2
[09-Jun-2025 20:37:33 UTC] PHP Notice:  session_start(): Ignoring session_start() because a session is already active (started from C:\apache\htdocs\Perfumeria\includes\function.php on line 6) in C:\apache\htdocs\Perfumeria\includes\templates\session.php on line 2
[09-Jun-2025 20:37:35 UTC] PHP Notice:  session_start(): Ignoring session_start() because a session is already active (started from C:\apache\htdocs\Perfumeria\includes\function.php on line 6) in C:\apache\htdocs\Perfumeria\includes\templates\session.php on line 2
[09-Jun-2025 20:38:31 UTC] PHP Notice:  session_start(): Ignoring session_start() because a session is already active (started from C:\apache\htdocs\Perfumeria\includes\function.php on line 6) in C:\apache\htdocs\Perfumeria\includes\templates\session.php on line 2
[09-Jun-2025 20:38:33 UTC] PHP Notice:  session_start(): Ignoring session_start() because a session is already active (started from C:\apache\htdocs\Perfumeria\includes\function.php on line 6) in C:\apache\htdocs\Perfumeria\Admin\vistas\CrearProducto.php on line 15
[09-Jun-2025 20:38:33 UTC] PHP Notice:  session_start(): Ignoring session_start() because a session is already active (started from C:\apache\htdocs\Perfumeria\includes\function.php on line 6) in C:\apache\htdocs\Perfumeria\includes\templates\session.php on line 2
[09-Jun-2025 20:38:57 UTC] PHP Notice:  session_start(): Ignoring session_start() because a session is already active (started from C:\apache\htdocs\Perfumeria\includes\function.php on line 6) in C:\apache\htdocs\Perfumeria\includes\templates\session.php on line 2
[09-Jun-2025 20:39:09 UTC] PHP Notice:  session_start(): Ignoring session_start() because a session is already active (started from C:\apache\htdocs\Perfumeria\includes\function.php on line 6) in C:\apache\htdocs\Perfumeria\includes\templates\session.php on line 2
[09-Jun-2025 20:39:10 UTC] PHP Notice:  session_start(): Ignoring session_start() because a session is already active (started from C:\apache\htdocs\Perfumeria\includes\function.php on line 6) in C:\apache\htdocs\Perfumeria\Admin\vistas\ActualizarProducto.php on line 17
[09-Jun-2025 20:39:10 UTC] PHP Notice:  session_start(): Ignoring session_start() because a session is already active (started from C:\apache\htdocs\Perfumeria\includes\function.php on line 6) in C:\apache\htdocs\Perfumeria\includes\templates\session.php on line 2
[09-Jun-2025 20:39:17 UTC] PHP Notice:  session_start(): Ignoring session_start() because a session is already active (started from C:\apache\htdocs\Perfumeria\includes\function.php on line 6) in C:\apache\htdocs\Perfumeria\includes\templates\session.php on line 2
[09-Jun-2025 20:39:26 UTC] PHP Notice:  session_start(): Ignoring session_start() because a session is already active (started from C:\apache\htdocs\Perfumeria\includes\function.php on line 6) in C:\apache\htdocs\Perfumeria\Admin\vistas\ActualizarProducto.php on line 17
[09-Jun-2025 20:39:26 UTC] PHP Notice:  session_start(): Ignoring session_start() because a session is already active (started from C:\apache\htdocs\Perfumeria\includes\function.php on line 6) in C:\apache\htdocs\Perfumeria\includes\templates\session.php on line 2
[09-Jun-2025 20:39:31 UTC] PHP Notice:  session_start(): Ignoring session_start() because a session is already active (started from C:\apache\htdocs\Perfumeria\includes\function.php on line 6) in C:\apache\htdocs\Perfumeria\includes\templates\session.php on line 2
[09-Jun-2025 21:12:43 UTC] PHP Notice:  session_start(): Ignoring session_start() because a session is already active (started from C:\apache\htdocs\Perfumeria\includes\function.php on line 6) in C:\apache\htdocs\Perfumeria\includes\templates\session.php on line 2
[09-Jun-2025 21:12:46 UTC] PHP Notice:  session_start(): Ignoring session_start() because a session is already active (started from C:\apache\htdocs\Perfumeria\includes\function.php on line 6) in C:\apache\htdocs\Perfumeria\Admin\vistas\CrearProducto.php on line 15
[09-Jun-2025 21:12:46 UTC] PHP Notice:  session_start(): Ignoring session_start() because a session is already active (started from C:\apache\htdocs\Perfumeria\includes\function.php on line 6) in C:\apache\htdocs\Perfumeria\includes\templates\session.php on line 2
[09-Jun-2025 21:14:08 UTC] PHP Notice:  session_start(): Ignoring session_start() because a session is already active (started from C:\apache\htdocs\Perfumeria\includes\function.php on line 6) in C:\apache\htdocs\Perfumeria\Admin\vistas\CrearProducto.php on line 15
[09-Jun-2025 21:14:08 UTC] PHP Notice:  session_start(): Ignoring session_start() because a session is already active (started from C:\apache\htdocs\Perfumeria\includes\function.php on line 6) in C:\apache\htdocs\Perfumeria\includes\templates\session.php on line 2
[09-Jun-2025 21:14:08 UTC] PHP Notice:  session_start(): Ignoring session_start() because a session is already active (started from C:\apache\htdocs\Perfumeria\includes\function.php on line 6) in C:\apache\htdocs\Perfumeria\Admin\vistas\CrearProducto.php on line 15
[09-Jun-2025 21:14:08 UTC] PHP Notice:  session_start(): Ignoring session_start() because a session is already active (started from C:\apache\htdocs\Perfumeria\includes\function.php on line 6) in C:\apache\htdocs\Perfumeria\includes\templates\session.php on line 2
[09-Jun-2025 21:14:10 UTC] PHP Notice:  session_start(): Ignoring session_start() because a session is already active (started from C:\apache\htdocs\Perfumeria\includes\function.php on line 6) in C:\apache\htdocs\Perfumeria\Admin\vistas\CrearProducto.php on line 15
[09-Jun-2025 21:14:10 UTC] PHP Notice:  session_start(): Ignoring session_start() because a session is already active (started from C:\apache\htdocs\Perfumeria\includes\function.php on line 6) in C:\apache\htdocs\Perfumeria\includes\templates\session.php on line 2
[09-Jun-2025 21:14:10 UTC] PHP Notice:  session_start(): Ignoring session_start() because a session is already active (started from C:\apache\htdocs\Perfumeria\includes\function.php on line 6) in C:\apache\htdocs\Perfumeria\Admin\vistas\CrearProducto.php on line 15
[09-Jun-2025 21:14:10 UTC] PHP Notice:  session_start(): Ignoring session_start() because a session is already active (started from C:\apache\htdocs\Perfumeria\includes\function.php on line 6) in C:\apache\htdocs\Perfumeria\includes\templates\session.php on line 2
[09-Jun-2025 21:14:11 UTC] PHP Notice:  session_start(): Ignoring session_start() because a session is already active (started from C:\apache\htdocs\Perfumeria\includes\function.php on line 6) in C:\apache\htdocs\Perfumeria\Admin\vistas\CrearProducto.php on line 15
[09-Jun-2025 21:14:11 UTC] PHP Notice:  session_start(): Ignoring session_start() because a session is already active (started from C:\apache\htdocs\Perfumeria\includes\function.php on line 6) in C:\apache\htdocs\Perfumeria\includes\templates\session.php on line 2
[09-Jun-2025 21:14:11 UTC] PHP Notice:  session_start(): Ignoring session_start() because a session is already active (started from C:\apache\htdocs\Perfumeria\includes\function.php on line 6) in C:\apache\htdocs\Perfumeria\Admin\vistas\CrearProducto.php on line 15
[09-Jun-2025 21:14:11 UTC] PHP Notice:  session_start(): Ignoring session_start() because a session is already active (started from C:\apache\htdocs\Perfumeria\includes\function.php on line 6) in C:\apache\htdocs\Perfumeria\includes\templates\session.php on line 2
[09-Jun-2025 21:14:11 UTC] PHP Notice:  session_start(): Ignoring session_start() because a session is already active (started from C:\apache\htdocs\Perfumeria\includes\function.php on line 6) in C:\apache\htdocs\Perfumeria\Admin\vistas\CrearProducto.php on line 15
[09-Jun-2025 21:14:11 UTC] PHP Notice:  session_start(): Ignoring session_start() because a session is already active (started from C:\apache\htdocs\Perfumeria\includes\function.php on line 6) in C:\apache\htdocs\Perfumeria\includes\templates\session.php on line 2
[09-Jun-2025 21:14:11 UTC] PHP Notice:  session_start(): Ignoring session_start() because a session is already active (started from C:\apache\htdocs\Perfumeria\includes\function.php on line 6) in C:\apache\htdocs\Perfumeria\Admin\vistas\CrearProducto.php on line 15
[09-Jun-2025 21:14:11 UTC] PHP Notice:  session_start(): Ignoring session_start() because a session is already active (started from C:\apache\htdocs\Perfumeria\includes\function.php on line 6) in C:\apache\htdocs\Perfumeria\includes\templates\session.php on line 2
[09-Jun-2025 21:14:11 UTC] PHP Notice:  session_start(): Ignoring session_start() because a session is already active (started from C:\apache\htdocs\Perfumeria\includes\function.php on line 6) in C:\apache\htdocs\Perfumeria\Admin\vistas\CrearProducto.php on line 15
[09-Jun-2025 21:14:11 UTC] PHP Notice:  session_start(): Ignoring session_start() because a session is already active (started from C:\apache\htdocs\Perfumeria\includes\function.php on line 6) in C:\apache\htdocs\Perfumeria\includes\templates\session.php on line 2
[09-Jun-2025 21:14:11 UTC] PHP Notice:  session_start(): Ignoring session_start() because a session is already active (started from C:\apache\htdocs\Perfumeria\includes\function.php on line 6) in C:\apache\htdocs\Perfumeria\Admin\vistas\CrearProducto.php on line 15
[09-Jun-2025 21:14:11 UTC] PHP Notice:  session_start(): Ignoring session_start() because a session is already active (started from C:\apache\htdocs\Perfumeria\includes\function.php on line 6) in C:\apache\htdocs\Perfumeria\includes\templates\session.php on line 2
[09-Jun-2025 21:14:11 UTC] PHP Notice:  session_start(): Ignoring session_start() because a session is already active (started from C:\apache\htdocs\Perfumeria\includes\function.php on line 6) in C:\apache\htdocs\Perfumeria\Admin\vistas\CrearProducto.php on line 15
[09-Jun-2025 21:14:11 UTC] PHP Notice:  session_start(): Ignoring session_start() because a session is already active (started from C:\apache\htdocs\Perfumeria\includes\function.php on line 6) in C:\apache\htdocs\Perfumeria\includes\templates\session.php on line 2
[09-Jun-2025 21:14:11 UTC] PHP Notice:  session_start(): Ignoring session_start() because a session is already active (started from C:\apache\htdocs\Perfumeria\includes\function.php on line 6) in C:\apache\htdocs\Perfumeria\Admin\vistas\CrearProducto.php on line 15
[09-Jun-2025 21:14:11 UTC] PHP Notice:  session_start(): Ignoring session_start() because a session is already active (started from C:\apache\htdocs\Perfumeria\includes\function.php on line 6) in C:\apache\htdocs\Perfumeria\includes\templates\session.php on line 2
[09-Jun-2025 21:14:11 UTC] PHP Notice:  session_start(): Ignoring session_start() because a session is already active (started from C:\apache\htdocs\Perfumeria\includes\function.php on line 6) in C:\apache\htdocs\Perfumeria\Admin\vistas\CrearProducto.php on line 15
[09-Jun-2025 21:14:11 UTC] PHP Notice:  session_start(): Ignoring session_start() because a session is already active (started from C:\apache\htdocs\Perfumeria\includes\function.php on line 6) in C:\apache\htdocs\Perfumeria\includes\templates\session.php on line 2
[09-Jun-2025 21:14:11 UTC] PHP Notice:  session_start(): Ignoring session_start() because a session is already active (started from C:\apache\htdocs\Perfumeria\includes\function.php on line 6) in C:\apache\htdocs\Perfumeria\Admin\vistas\CrearProducto.php on line 15
[09-Jun-2025 21:14:11 UTC] PHP Notice:  session_start(): Ignoring session_start() because a session is already active (started from C:\apache\htdocs\Perfumeria\includes\function.php on line 6) in C:\apache\htdocs\Perfumeria\includes\templates\session.php on line 2
[09-Jun-2025 21:14:11 UTC] PHP Notice:  session_start(): Ignoring session_start() because a session is already active (started from C:\apache\htdocs\Perfumeria\includes\function.php on line 6) in C:\apache\htdocs\Perfumeria\Admin\vistas\CrearProducto.php on line 15
[09-Jun-2025 21:14:11 UTC] PHP Notice:  session_start(): Ignoring session_start() because a session is already active (started from C:\apache\htdocs\Perfumeria\includes\function.php on line 6) in C:\apache\htdocs\Perfumeria\includes\templates\session.php on line 2
[09-Jun-2025 21:14:11 UTC] PHP Notice:  session_start(): Ignoring session_start() because a session is already active (started from C:\apache\htdocs\Perfumeria\includes\function.php on line 6) in C:\apache\htdocs\Perfumeria\Admin\vistas\CrearProducto.php on line 15
[09-Jun-2025 21:14:11 UTC] PHP Notice:  session_start(): Ignoring session_start() because a session is already active (started from C:\apache\htdocs\Perfumeria\includes\function.php on line 6) in C:\apache\htdocs\Perfumeria\includes\templates\session.php on line 2
[09-Jun-2025 21:14:11 UTC] PHP Notice:  session_start(): Ignoring session_start() because a session is already active (started from C:\apache\htdocs\Perfumeria\includes\function.php on line 6) in C:\apache\htdocs\Perfumeria\Admin\vistas\CrearProducto.php on line 15
[09-Jun-2025 21:14:11 UTC] PHP Notice:  session_start(): Ignoring session_start() because a session is already active (started from C:\apache\htdocs\Perfumeria\includes\function.php on line 6) in C:\apache\htdocs\Perfumeria\includes\templates\session.php on line 2
[09-Jun-2025 21:14:11 UTC] PHP Notice:  session_start(): Ignoring session_start() because a session is already active (started from C:\apache\htdocs\Perfumeria\includes\function.php on line 6) in C:\apache\htdocs\Perfumeria\Admin\vistas\CrearProducto.php on line 15
[09-Jun-2025 21:14:11 UTC] PHP Notice:  session_start(): Ignoring session_start() because a session is already active (started from C:\apache\htdocs\Perfumeria\includes\function.php on line 6) in C:\apache\htdocs\Perfumeria\includes\templates\session.php on line 2
[09-Jun-2025 21:14:11 UTC] PHP Notice:  session_start(): Ignoring session_start() because a session is already active (started from C:\apache\htdocs\Perfumeria\includes\function.php on line 6) in C:\apache\htdocs\Perfumeria\Admin\vistas\CrearProducto.php on line 15
[09-Jun-2025 21:14:11 UTC] PHP Notice:  session_start(): Ignoring session_start() because a session is already active (started from C:\apache\htdocs\Perfumeria\includes\function.php on line 6) in C:\apache\htdocs\Perfumeria\includes\templates\session.php on line 2
[09-Jun-2025 21:14:11 UTC] PHP Notice:  session_start(): Ignoring session_start() because a session is already active (started from C:\apache\htdocs\Perfumeria\includes\function.php on line 6) in C:\apache\htdocs\Perfumeria\Admin\vistas\CrearProducto.php on line 15
[09-Jun-2025 21:14:11 UTC] PHP Notice:  session_start(): Ignoring session_start() because a session is already active (started from C:\apache\htdocs\Perfumeria\includes\function.php on line 6) in C:\apache\htdocs\Perfumeria\includes\templates\session.php on line 2
[09-Jun-2025 21:14:12 UTC] PHP Notice:  session_start(): Ignoring session_start() because a session is already active (started from C:\apache\htdocs\Perfumeria\includes\function.php on line 6) in C:\apache\htdocs\Perfumeria\Admin\vistas\CrearProducto.php on line 15
[09-Jun-2025 21:14:12 UTC] PHP Notice:  session_start(): Ignoring session_start() because a session is already active (started from C:\apache\htdocs\Perfumeria\includes\function.php on line 6) in C:\apache\htdocs\Perfumeria\includes\templates\session.php on line 2
[09-Jun-2025 21:14:23 UTC] PHP Warning:  Undefined array key "Rol_Usuario" in C:\apache\htdocs\Perfumeria\includes\function.php on line 8
[09-Jun-2025 21:14:37 UTC] PHP Notice:  session_start(): Ignoring session_start() because a session is already active (started from C:\apache\htdocs\Perfumeria\includes\function.php on line 6) in C:\apache\htdocs\Perfumeria\includes\templates\session.php on line 2
[09-Jun-2025 21:14:39 UTC] PHP Notice:  session_start(): Ignoring session_start() because a session is already active (started from C:\apache\htdocs\Perfumeria\includes\function.php on line 6) in C:\apache\htdocs\Perfumeria\Admin\vistas\CrearProducto.php on line 15
[09-Jun-2025 21:14:39 UTC] PHP Notice:  session_start(): Ignoring session_start() because a session is already active (started from C:\apache\htdocs\Perfumeria\includes\function.php on line 6) in C:\apache\htdocs\Perfumeria\includes\templates\session.php on line 2
[09-Jun-2025 21:15:01 UTC] PHP Notice:  session_start(): Ignoring session_start() because a session is already active (started from C:\apache\htdocs\Perfumeria\includes\function.php on line 6) in C:\apache\htdocs\Perfumeria\Admin\vistas\CrearProducto.php on line 15
[09-Jun-2025 21:15:01 UTC] PHP Notice:  session_start(): Ignoring session_start() because a session is already active (started from C:\apache\htdocs\Perfumeria\includes\function.php on line 6) in C:\apache\htdocs\Perfumeria\includes\templates\session.php on line 2
[09-Jun-2025 21:15:09 UTC] PHP Notice:  session_start(): Ignoring session_start() because a session is already active (started from C:\apache\htdocs\Perfumeria\includes\function.php on line 6) in C:\apache\htdocs\Perfumeria\Admin\vistas\CrearProducto.php on line 15
[09-Jun-2025 21:15:09 UTC] PHP Notice:  session_start(): Ignoring session_start() because a session is already active (started from C:\apache\htdocs\Perfumeria\includes\function.php on line 6) in C:\apache\htdocs\Perfumeria\includes\templates\session.php on line 2
[09-Jun-2025 21:15:13 UTC] PHP Notice:  session_start(): Ignoring session_start() because a session is already active (started from C:\apache\htdocs\Perfumeria\includes\function.php on line 6) in C:\apache\htdocs\Perfumeria\Admin\vistas\CrearProducto.php on line 15
[09-Jun-2025 21:15:13 UTC] PHP Notice:  session_start(): Ignoring session_start() because a session is already active (started from C:\apache\htdocs\Perfumeria\includes\function.php on line 6) in C:\apache\htdocs\Perfumeria\includes\templates\session.php on line 2
[09-Jun-2025 21:16:10 UTC] PHP Notice:  session_start(): Ignoring session_start() because a session is already active (started from C:\apache\htdocs\Perfumeria\includes\function.php on line 6) in C:\apache\htdocs\Perfumeria\Admin\vistas\CrearProducto.php on line 15
[09-Jun-2025 21:16:10 UTC] PHP Notice:  session_start(): Ignoring session_start() because a session is already active (started from C:\apache\htdocs\Perfumeria\includes\function.php on line 6) in C:\apache\htdocs\Perfumeria\includes\templates\session.php on line 2
[09-Jun-2025 21:16:20 UTC] PHP Notice:  session_start(): Ignoring session_start() because a session is already active (started from C:\apache\htdocs\Perfumeria\includes\function.php on line 6) in C:\apache\htdocs\Perfumeria\Admin\vistas\CrearProducto.php on line 15
[09-Jun-2025 21:16:20 UTC] PHP Notice:  session_start(): Ignoring session_start() because a session is already active (started from C:\apache\htdocs\Perfumeria\includes\function.php on line 6) in C:\apache\htdocs\Perfumeria\includes\templates\session.php on line 2
[09-Jun-2025 21:19:50 UTC] PHP Notice:  session_start(): Ignoring session_start() because a session is already active (started from C:\apache\htdocs\Perfumeria\includes\function.php on line 6) in C:\apache\htdocs\Perfumeria\Admin\vistas\CrearProducto.php on line 15
[09-Jun-2025 21:19:50 UTC] PHP Notice:  session_start(): Ignoring session_start() because a session is already active (started from C:\apache\htdocs\Perfumeria\includes\function.php on line 6) in C:\apache\htdocs\Perfumeria\includes\templates\session.php on line 2
[09-Jun-2025 21:19:50 UTC] PHP Notice:  session_start(): Ignoring session_start() because a session is already active (started from C:\apache\htdocs\Perfumeria\includes\function.php on line 6) in C:\apache\htdocs\Perfumeria\Admin\vistas\CrearProducto.php on line 15
[09-Jun-2025 21:19:50 UTC] PHP Notice:  session_start(): Ignoring session_start() because a session is already active (started from C:\apache\htdocs\Perfumeria\includes\function.php on line 6) in C:\apache\htdocs\Perfumeria\includes\templates\session.php on line 2
[09-Jun-2025 21:19:50 UTC] PHP Notice:  session_start(): Ignoring session_start() because a session is already active (started from C:\apache\htdocs\Perfumeria\includes\function.php on line 6) in C:\apache\htdocs\Perfumeria\Admin\vistas\CrearProducto.php on line 15
[09-Jun-2025 21:19:50 UTC] PHP Notice:  session_start(): Ignoring session_start() because a session is already active (started from C:\apache\htdocs\Perfumeria\includes\function.php on line 6) in C:\apache\htdocs\Perfumeria\includes\templates\session.php on line 2
[09-Jun-2025 21:19:51 UTC] PHP Notice:  session_start(): Ignoring session_start() because a session is already active (started from C:\apache\htdocs\Perfumeria\includes\function.php on line 6) in C:\apache\htdocs\Perfumeria\Admin\vistas\CrearProducto.php on line 15
[09-Jun-2025 21:19:51 UTC] PHP Notice:  session_start(): Ignoring session_start() because a session is already active (started from C:\apache\htdocs\Perfumeria\includes\function.php on line 6) in C:\apache\htdocs\Perfumeria\includes\templates\session.php on line 2
[09-Jun-2025 21:20:15 UTC] PHP Notice:  session_start(): Ignoring session_start() because a session is already active (started from C:\apache\htdocs\Perfumeria\includes\function.php on line 6) in C:\apache\htdocs\Perfumeria\includes\templates\session.php on line 2
[09-Jun-2025 21:20:19 UTC] PHP Notice:  session_start(): Ignoring session_start() because a session is already active (started from C:\apache\htdocs\Perfumeria\includes\function.php on line 6) in C:\apache\htdocs\Perfumeria\includes\templates\session.php on line 2
[09-Jun-2025 21:20:20 UTC] PHP Notice:  session_start(): Ignoring session_start() because a session is already active (started from C:\apache\htdocs\Perfumeria\includes\function.php on line 6) in C:\apache\htdocs\Perfumeria\Admin\vistas\CrearProducto.php on line 15
[09-Jun-2025 21:20:20 UTC] PHP Notice:  session_start(): Ignoring session_start() because a session is already active (started from C:\apache\htdocs\Perfumeria\includes\function.php on line 6) in C:\apache\htdocs\Perfumeria\includes\templates\session.php on line 2
[09-Jun-2025 21:20:44 UTC] PHP Notice:  session_start(): Ignoring session_start() because a session is already active (started from C:\apache\htdocs\Perfumeria\includes\function.php on line 6) in C:\apache\htdocs\Perfumeria\includes\templates\session.php on line 2
[09-Jun-2025 21:21:19 UTC] PHP Notice:  session_start(): Ignoring session_start() because a session is already active (started from C:\apache\htdocs\Perfumeria\includes\function.php on line 6) in C:\apache\htdocs\Perfumeria\Admin\vistas\CrearProducto.php on line 15
[09-Jun-2025 21:21:19 UTC] PHP Notice:  session_start(): Ignoring session_start() because a session is already active (started from C:\apache\htdocs\Perfumeria\includes\function.php on line 6) in C:\apache\htdocs\Perfumeria\includes\templates\session.php on line 2
[09-Jun-2025 21:21:40 UTC] PHP Notice:  session_start(): Ignoring session_start() because a session is already active (started from C:\apache\htdocs\Perfumeria\includes\function.php on line 6) in C:\apache\htdocs\Perfumeria\Admin\vistas\CrearProducto.php on line 15
[09-Jun-2025 21:21:40 UTC] PHP Notice:  session_start(): Ignoring session_start() because a session is already active (started from C:\apache\htdocs\Perfumeria\includes\function.php on line 6) in C:\apache\htdocs\Perfumeria\includes\templates\session.php on line 2
[09-Jun-2025 21:25:42 UTC] PHP Notice:  session_start(): Ignoring session_start() because a session is already active (started from C:\apache\htdocs\Perfumeria\includes\function.php on line 6) in C:\apache\htdocs\Perfumeria\Admin\vistas\CrearProducto.php on line 15
[09-Jun-2025 21:25:42 UTC] PHP Notice:  session_start(): Ignoring session_start() because a session is already active (started from C:\apache\htdocs\Perfumeria\includes\function.php on line 6) in C:\apache\htdocs\Perfumeria\includes\templates\session.php on line 2
[09-Jun-2025 21:25:42 UTC] PHP Notice:  session_start(): Ignoring session_start() because a session is already active (started from C:\apache\htdocs\Perfumeria\includes\function.php on line 6) in C:\apache\htdocs\Perfumeria\Admin\vistas\CrearProducto.php on line 15
[09-Jun-2025 21:25:42 UTC] PHP Notice:  session_start(): Ignoring session_start() because a session is already active (started from C:\apache\htdocs\Perfumeria\includes\function.php on line 6) in C:\apache\htdocs\Perfumeria\includes\templates\session.php on line 2
[09-Jun-2025 21:25:45 UTC] PHP Notice:  session_start(): Ignoring session_start() because a session is already active (started from C:\apache\htdocs\Perfumeria\includes\function.php on line 6) in C:\apache\htdocs\Perfumeria\includes\templates\session.php on line 2
[09-Jun-2025 21:25:46 UTC] PHP Notice:  session_start(): Ignoring session_start() because a session is already active (started from C:\apache\htdocs\Perfumeria\includes\function.php on line 6) in C:\apache\htdocs\Perfumeria\Admin\vistas\CrearProducto.php on line 15
[09-Jun-2025 21:25:46 UTC] PHP Notice:  session_start(): Ignoring session_start() because a session is already active (started from C:\apache\htdocs\Perfumeria\includes\function.php on line 6) in C:\apache\htdocs\Perfumeria\includes\templates\session.php on line 2
[09-Jun-2025 21:26:29 UTC] PHP Notice:  session_start(): Ignoring session_start() because a session is already active (started from C:\apache\htdocs\Perfumeria\includes\function.php on line 6) in C:\apache\htdocs\Perfumeria\includes\templates\session.php on line 2
[14-Jul-2025 17:44:41 UTC] PHP Notice:  session_start(): Ignoring session_start() because a session is already active (started from C:\apache\htdocs\Perfumeria\includes\function.php on line 11) in C:\apache\htdocs\Perfumeria\includes\templates\session.php on line 2
[14-Jul-2025 17:44:51 UTC] PHP Notice:  session_start(): Ignoring session_start() because a session is already active (started from C:\apache\htdocs\Perfumeria\includes\function.php on line 11) in C:\apache\htdocs\Perfumeria\includes\templates\session.php on line 2
[14-Jul-2025 17:44:53 UTC] PHP Notice:  session_start(): Ignoring session_start() because a session is already active (started from C:\apache\htdocs\Perfumeria\includes\function.php on line 11) in C:\apache\htdocs\Perfumeria\includes\templates\session.php on line 2
[14-Jul-2025 17:44:55 UTC] PHP Notice:  session_start(): Ignoring session_start() because a session is already active (started from C:\apache\htdocs\Perfumeria\includes\function.php on line 11) in C:\apache\htdocs\Perfumeria\includes\templates\session.php on line 2
[14-Jul-2025 17:44:58 UTC] PHP Notice:  session_start(): Ignoring session_start() because a session is already active (started from C:\apache\htdocs\Perfumeria\includes\function.php on line 11) in C:\apache\htdocs\Perfumeria\includes\templates\session.php on line 2
[14-Jul-2025 17:44:59 UTC] PHP Notice:  session_start(): Ignoring session_start() because a session is already active (started from C:\apache\htdocs\Perfumeria\includes\function.php on line 11) in C:\apache\htdocs\Perfumeria\includes\templates\session.php on line 2
[14-Jul-2025 17:44:59 UTC] PHP Notice:  session_start(): Ignoring session_start() because a session is already active (started from C:\apache\htdocs\Perfumeria\includes\function.php on line 11) in C:\apache\htdocs\Perfumeria\includes\templates\session.php on line 2
[14-Jul-2025 17:45:00 UTC] PHP Notice:  session_start(): Ignoring session_start() because a session is already active (started from C:\apache\htdocs\Perfumeria\includes\function.php on line 11) in C:\apache\htdocs\Perfumeria\includes\templates\session.php on line 2
[14-Jul-2025 17:45:01 UTC] PHP Notice:  session_start(): Ignoring session_start() because a session is already active (started from C:\apache\htdocs\Perfumeria\includes\function.php on line 11) in C:\apache\htdocs\Perfumeria\includes\templates\session.php on line 2
[14-Jul-2025 17:45:01 UTC] PHP Notice:  session_start(): Ignoring session_start() because a session is already active (started from C:\apache\htdocs\Perfumeria\includes\function.php on line 11) in C:\apache\htdocs\Perfumeria\includes\templates\session.php on line 2
[14-Jul-2025 17:45:02 UTC] PHP Notice:  session_start(): Ignoring session_start() because a session is already active (started from C:\apache\htdocs\Perfumeria\includes\function.php on line 11) in C:\apache\htdocs\Perfumeria\includes\templates\session.php on line 2
[14-Jul-2025 17:45:03 UTC] PHP Notice:  session_start(): Ignoring session_start() because a session is already active (started from C:\apache\htdocs\Perfumeria\includes\function.php on line 11) in C:\apache\htdocs\Perfumeria\includes\templates\session.php on line 2
[14-Jul-2025 17:45:04 UTC] PHP Notice:  session_start(): Ignoring session_start() because a session is already active (started from C:\apache\htdocs\Perfumeria\includes\function.php on line 11) in C:\apache\htdocs\Perfumeria\includes\templates\session.php on line 2
[14-Jul-2025 17:45:05 UTC] PHP Notice:  session_start(): Ignoring session_start() because a session is already active (started from C:\apache\htdocs\Perfumeria\includes\function.php on line 11) in C:\apache\htdocs\Perfumeria\includes\templates\session.php on line 2
[14-Jul-2025 17:45:05 UTC] PHP Notice:  session_start(): Ignoring session_start() because a session is already active (started from C:\apache\htdocs\Perfumeria\includes\function.php on line 11) in C:\apache\htdocs\Perfumeria\includes\templates\session.php on line 2
[14-Jul-2025 17:45:07 UTC] PHP Notice:  session_start(): Ignoring session_start() because a session is already active (started from C:\apache\htdocs\Perfumeria\includes\function.php on line 11) in C:\apache\htdocs\Perfumeria\includes\templates\session.php on line 2
[14-Jul-2025 17:45:07 UTC] PHP Notice:  session_start(): Ignoring session_start() because a session is already active (started from C:\apache\htdocs\Perfumeria\includes\function.php on line 11) in C:\apache\htdocs\Perfumeria\includes\templates\session.php on line 2
[14-Jul-2025 17:45:16 UTC] PHP Notice:  session_start(): Ignoring session_start() because a session is already active (started from C:\apache\htdocs\Perfumeria\includes\function.php on line 11) in C:\apache\htdocs\Perfumeria\includes\templates\session.php on line 2
[14-Jul-2025 17:45:29 UTC] PHP Notice:  session_start(): Ignoring session_start() because a session is already active (started from C:\apache\htdocs\Perfumeria\includes\function.php on line 11) in C:\apache\htdocs\Perfumeria\includes\templates\session.php on line 2
[14-Jul-2025 17:46:13 UTC] PHP Notice:  session_start(): Ignoring session_start() because a session is already active (started from C:\apache\htdocs\Perfumeria\includes\function.php on line 11) in C:\apache\htdocs\Perfumeria\includes\templates\session.php on line 2
[14-Jul-2025 17:59:33 UTC] PHP Notice:  session_start(): Ignoring session_start() because a session is already active (started from C:\apache\htdocs\Perfumeria\includes\function.php on line 11) in C:\apache\htdocs\Perfumeria\includes\templates\session.php on line 2
[14-Jul-2025 18:00:10 UTC] PHP Notice:  session_start(): Ignoring session_start() because a session is already active (started from C:\apache\htdocs\Perfumeria\includes\function.php on line 11) in C:\apache\htdocs\Perfumeria\Admin\vistas\CrearProducto.php on line 15
[14-Jul-2025 18:00:10 UTC] PHP Notice:  session_start(): Ignoring session_start() because a session is already active (started from C:\apache\htdocs\Perfumeria\includes\function.php on line 11) in C:\apache\htdocs\Perfumeria\includes\templates\session.php on line 2
[14-Jul-2025 18:01:15 UTC] PHP Notice:  session_start(): Ignoring session_start() because a session is already active (started from C:\apache\htdocs\Perfumeria\includes\function.php on line 11) in C:\apache\htdocs\Perfumeria\includes\templates\session.php on line 2
[14-Jul-2025 18:01:46 UTC] PHP Notice:  session_start(): Ignoring session_start() because a session is already active (started from C:\apache\htdocs\Perfumeria\includes\function.php on line 11) in C:\apache\htdocs\Perfumeria\Admin\vistas\CrearProducto.php on line 15
[14-Jul-2025 18:01:46 UTC] PHP Notice:  session_start(): Ignoring session_start() because a session is already active (started from C:\apache\htdocs\Perfumeria\includes\function.php on line 11) in C:\apache\htdocs\Perfumeria\includes\templates\session.php on line 2
[14-Jul-2025 18:02:27 UTC] PHP Notice:  session_start(): Ignoring session_start() because a session is already active (started from C:\apache\htdocs\Perfumeria\includes\function.php on line 11) in C:\apache\htdocs\Perfumeria\includes\templates\session.php on line 2
[14-Jul-2025 18:03:01 UTC] PHP Notice:  session_start(): Ignoring session_start() because a session is already active (started from C:\apache\htdocs\Perfumeria\includes\function.php on line 11) in C:\apache\htdocs\Perfumeria\Admin\vistas\CrearProducto.php on line 15
[14-Jul-2025 18:03:01 UTC] PHP Notice:  session_start(): Ignoring session_start() because a session is already active (started from C:\apache\htdocs\Perfumeria\includes\function.php on line 11) in C:\apache\htdocs\Perfumeria\includes\templates\session.php on line 2
[14-Jul-2025 18:03:37 UTC] PHP Notice:  session_start(): Ignoring session_start() because a session is already active (started from C:\apache\htdocs\Perfumeria\includes\function.php on line 11) in C:\apache\htdocs\Perfumeria\includes\templates\session.php on line 2
[14-Jul-2025 18:03:57 UTC] PHP Notice:  session_start(): Ignoring session_start() because a session is already active (started from C:\apache\htdocs\Perfumeria\includes\function.php on line 11) in C:\apache\htdocs\Perfumeria\Admin\vistas\CrearProducto.php on line 15
[14-Jul-2025 18:03:57 UTC] PHP Notice:  session_start(): Ignoring session_start() because a session is already active (started from C:\apache\htdocs\Perfumeria\includes\function.php on line 11) in C:\apache\htdocs\Perfumeria\includes\templates\session.php on line 2
[14-Jul-2025 18:04:24 UTC] PHP Notice:  session_start(): Ignoring session_start() because a session is already active (started from C:\apache\htdocs\Perfumeria\includes\function.php on line 11) in C:\apache\htdocs\Perfumeria\includes\templates\session.php on line 2
